
> find-to-do-management-app@0.1.0 build
> prisma generate && next build

Environment variables loaded from .env
Prisma schema loaded from prisma/schema.prisma

✔ Generated Prisma Client (v6.9.0) to ./node_modules/@prisma/client in 416ms

Start by importing your Prisma Client (See: https://pris.ly/d/importing-client)

Tip: Need your database queries to be 1000x faster? Accelerate offers you that and more: https://pris.ly/tip-2-accelerate

┌─────────────────────────────────────────────────────────┐
│  Update available 6.9.0 -> 6.10.1                       │
│  Run the following to update                            │
│    npm i --save-dev prisma@latest                       │
│    npm i @prisma/client@latest                          │
└─────────────────────────────────────────────────────────┘
   ▲ Next.js 15.3.3
   - Environments: .env.local, .env

   Creating an optimized production build ...
 ✓ Compiled successfully in 15.0s
   Linting and checking validity of types ...

./src/app/api/ai/evaluate/route.ts
86:22  Warning: Unexpected any. Specify a different type.  @typescript-eslint/no-explicit-any
87:25  Warning: Unexpected any. Specify a different type.  @typescript-eslint/no-explicit-any

./src/app/api/ai/sales-prediction/route.ts
43:53  Warning: Unexpected any. Specify a different type.  @typescript-eslint/no-explicit-any
115:59  Warning: Unexpected any. Specify a different type.  @typescript-eslint/no-explicit-any
120:34  Warning: Unexpected any. Specify a different type.  @typescript-eslint/no-explicit-any
123:33  Warning: Unexpected any. Specify a different type.  @typescript-eslint/no-explicit-any
126:50  Warning: Unexpected any. Specify a different type.  @typescript-eslint/no-explicit-any
126:55  Warning: 'historicalData' is defined but never used.  @typescript-eslint/no-unused-vars
126:71  Warning: Unexpected any. Specify a different type.  @typescript-eslint/no-explicit-any
200:44  Warning: Unexpected any. Specify a different type.  @typescript-eslint/no-explicit-any
209:54  Warning: Unexpected any. Specify a different type.  @typescript-eslint/no-explicit-any
209:59  Warning: 'historicalData' is defined but never used.  @typescript-eslint/no-unused-vars
209:75  Warning: Unexpected any. Specify a different type.  @typescript-eslint/no-explicit-any
233:50  Warning: Unexpected any. Specify a different type.  @typescript-eslint/no-explicit-any
292:59  Warning: Unexpected any. Specify a different type.  @typescript-eslint/no-explicit-any
296:59  Warning: Unexpected any. Specify a different type.  @typescript-eslint/no-explicit-any

./src/app/api/analytics/sales-performance/route.ts
51:46  Warning: Unexpected any. Specify a different type.  @typescript-eslint/no-explicit-any
51:63  Warning: Unexpected any. Specify a different type.  @typescript-eslint/no-explicit-any

./src/app/api/appointments/[id]/contract/route.ts
37:20  Warning: Unexpected any. Specify a different type.  @typescript-eslint/no-explicit-any

./src/app/api/appointments/[id]/schedule/route.ts
84:35  Warning: Unexpected any. Specify a different type.  @typescript-eslint/no-explicit-any

./src/app/api/appointments/kanban/[type]/route.ts
46:24  Warning: Unexpected any. Specify a different type.  @typescript-eslint/no-explicit-any

./src/app/api/calendar/events/route.ts
3:62  Warning: 'PrismaCalendarEvent' is defined but never used.  @typescript-eslint/no-unused-vars
147:65  Warning: Unexpected any. Specify a different type.  @typescript-eslint/no-explicit-any

./src/app/api/calendar/unified/route.ts
12:10  Warning: 'getJSTISOString' is defined but never used.  @typescript-eslint/no-unused-vars
219:42  Warning: Unexpected any. Specify a different type.  @typescript-eslint/no-explicit-any
248:36  Warning: Unexpected any. Specify a different type.  @typescript-eslint/no-explicit-any
286:26  Warning: Unexpected any. Specify a different type.  @typescript-eslint/no-explicit-any
318:38  Warning: Unexpected any. Specify a different type.  @typescript-eslint/no-explicit-any
321:40  Warning: Unexpected any. Specify a different type.  @typescript-eslint/no-explicit-any
322:54  Warning: Unexpected any. Specify a different type.  @typescript-eslint/no-explicit-any
367:69  Warning: Unexpected any. Specify a different type.  @typescript-eslint/no-explicit-any

./src/app/api/discord/metrics/route.ts
24:51  Warning: Unexpected any. Specify a different type.  @typescript-eslint/no-explicit-any

./src/app/api/google-docs/analytics/route.ts
198:58  Warning: Unexpected any. Specify a different type.  @typescript-eslint/no-explicit-any
199:56  Warning: Unexpected any. Specify a different type.  @typescript-eslint/no-explicit-any
200:51  Warning: Unexpected any. Specify a different type.  @typescript-eslint/no-explicit-any

./src/app/api/google-docs/recommendations/route.ts
18:18  Warning: Unexpected any. Specify a different type.  @typescript-eslint/no-explicit-any
47:39  Warning: Unexpected any. Specify a different type.  @typescript-eslint/no-explicit-any
132:17  Warning: Unexpected any. Specify a different type.  @typescript-eslint/no-explicit-any
244:54  Warning: Unexpected any. Specify a different type.  @typescript-eslint/no-explicit-any
244:67  Warning: Unexpected any. Specify a different type.  @typescript-eslint/no-explicit-any
379:54  Warning: Unexpected any. Specify a different type.  @typescript-eslint/no-explicit-any
398:41  Warning: Unexpected any. Specify a different type.  @typescript-eslint/no-explicit-any
398:56  Warning: Unexpected any. Specify a different type.  @typescript-eslint/no-explicit-any

./src/app/api/kanban/move/route.ts
26:57  Warning: 'userId' is assigned a value but never used.  @typescript-eslint/no-unused-vars

./src/app/api/projects/[id]/analytics/route.ts
56:63  Warning: Unexpected any. Specify a different type.  @typescript-eslint/no-explicit-any
68:49  Warning: Unexpected any. Specify a different type.  @typescript-eslint/no-explicit-any
68:61  Warning: Unexpected any. Specify a different type.  @typescript-eslint/no-explicit-any
68:76  Warning: Unexpected any. Specify a different type.  @typescript-eslint/no-explicit-any

./src/app/api/projects/promotion-candidates/route.ts
57:73  Warning: Unexpected any. Specify a different type.  @typescript-eslint/no-explicit-any

./src/app/api/schedules/[id]/route.ts
92:23  Warning: Unexpected any. Specify a different type.  @typescript-eslint/no-explicit-any

./src/app/api/task-relationships/[id]/route.ts
159:23  Warning: Unexpected any. Specify a different type.  @typescript-eslint/no-explicit-any

./src/app/api/webhook/google-docs-gas/route.ts
103:42  Warning: Unexpected any. Specify a different type.  @typescript-eslint/no-explicit-any
147:43  Warning: Unexpected any. Specify a different type.  @typescript-eslint/no-explicit-any
306:12  Warning: Unexpected any. Specify a different type.  @typescript-eslint/no-explicit-any
393:21  Warning: Unexpected any. Specify a different type.  @typescript-eslint/no-explicit-any
395:12  Warning: Unexpected any. Specify a different type.  @typescript-eslint/no-explicit-any
462:41  Warning: Unexpected any. Specify a different type.  @typescript-eslint/no-explicit-any
538:62  Warning: Unexpected any. Specify a different type.  @typescript-eslint/no-explicit-any

./src/app/api/webhook/line/route.ts
7:8  Warning: 'LineWebhookBody' is defined but never used.  @typescript-eslint/no-unused-vars

./src/app/appointments/page.tsx
233:9  Warning: 'appointmentId' is assigned a value but never used.  @typescript-eslint/no-unused-vars
347:15  Warning: 'salesPhaseFlow' is assigned a value but never used.  @typescript-eslint/no-unused-vars
368:15  Warning: 'currentRelationship' is assigned a value but never used.  @typescript-eslint/no-unused-vars
409:53  Warning: Unexpected any. Specify a different type.  @typescript-eslint/no-explicit-any
486:46  Warning: Unexpected any. Specify a different type.  @typescript-eslint/no-explicit-any
519:57  Warning: Unexpected any. Specify a different type.  @typescript-eslint/no-explicit-any
538:61  Warning: Unexpected any. Specify a different type.  @typescript-eslint/no-explicit-any
557:50  Warning: Unexpected any. Specify a different type.  @typescript-eslint/no-explicit-any
607:19  Warning: Unexpected any. Specify a different type.  @typescript-eslint/no-explicit-any
642:9  Warning: 'statusCounts' is assigned a value but never used.  @typescript-eslint/no-unused-vars
1423:70  Warning: Unexpected any. Specify a different type.  @typescript-eslint/no-explicit-any
1423:75  Warning: 'index' is defined but never used.  @typescript-eslint/no-unused-vars

./src/app/dashboard/discord-insights/page.tsx
20:24  Warning: Unexpected any. Specify a different type.  @typescript-eslint/no-explicit-any
21:22  Warning: Unexpected any. Specify a different type.  @typescript-eslint/no-explicit-any
22:15  Warning: Unexpected any. Specify a different type.  @typescript-eslint/no-explicit-any
44:6  Warning: React Hook useEffect has a missing dependency: 'fetchMetrics'. Either include it or remove the dependency array.  react-hooks/exhaustive-deps
312:33  Warning: Unexpected any. Specify a different type.  @typescript-eslint/no-explicit-any
312:45  Warning: Unexpected any. Specify a different type.  @typescript-eslint/no-explicit-any
319:65  Warning: Unexpected any. Specify a different type.  @typescript-eslint/no-explicit-any
509:89  Warning: Unexpected any. Specify a different type.  @typescript-eslint/no-explicit-any

./src/app/dashboard/google-docs/page.tsx
47:19  Warning: Unexpected any. Specify a different type.  @typescript-eslint/no-explicit-any
94:6  Warning: React Hook useEffect has a missing dependency: 'fetchAnalytics'. Either include it or remove the dependency array.  react-hooks/exhaustive-deps
106:6  Warning: React Hook useEffect has a missing dependency: 'fetchAnalytics'. Either include it or remove the dependency array.  react-hooks/exhaustive-deps

./src/app/dashboard/sales-analytics/page.tsx
35:55  Warning: Unexpected any. Specify a different type.  @typescript-eslint/no-explicit-any
100:65  Warning: Unexpected any. Specify a different type.  @typescript-eslint/no-explicit-any

./src/app/knowledge/page.tsx
461:10  Warning: Unexpected any. Specify a different type.  @typescript-eslint/no-explicit-any
561:94  Warning: Unexpected any. Specify a different type.  @typescript-eslint/no-explicit-any

./src/app/line-test/page.tsx
8:40  Warning: Unexpected any. Specify a different type.  @typescript-eslint/no-explicit-any

./src/app/meeting-notes/page.tsx
95:16  Warning: 'error' is defined but never used.  @typescript-eslint/no-unused-vars
139:59  Warning: Unexpected any. Specify a different type.  @typescript-eslint/no-explicit-any
142:73  Warning: Unexpected any. Specify a different type.  @typescript-eslint/no-explicit-any
148:42  Warning: Unexpected any. Specify a different type.  @typescript-eslint/no-explicit-any
149:18  Warning: 'e' is defined but never used.  @typescript-eslint/no-unused-vars
154:74  Warning: Unexpected any. Specify a different type.  @typescript-eslint/no-explicit-any

./src/components/AppointmentKanbanBoard.tsx
287:6  Warning: React Hook useEffect has a missing dependency: 'loadKanbanData'. Either include it or remove the dependency array.  react-hooks/exhaustive-deps

./src/components/Dashboard.tsx
74:24  Warning: Unexpected any. Specify a different type.  @typescript-eslint/no-explicit-any
75:22  Warning: Unexpected any. Specify a different type.  @typescript-eslint/no-explicit-any
76:15  Warning: Unexpected any. Specify a different type.  @typescript-eslint/no-explicit-any
97:58  Warning: Unexpected any. Specify a different type.  @typescript-eslint/no-explicit-any
759:56  Warning: 'index' is defined but never used.  @typescript-eslint/no-unused-vars

./src/components/GanttChart.tsx
29:9  Warning: The 'today' object construction makes the dependencies of useMemo Hook (at line 52) change on every render. To fix this, wrap the initialization of 'today' in its own useMemo() Hook.  react-hooks/exhaustive-deps
123:9  Warning: 'getPriorityColor' is assigned a value but never used.  @typescript-eslint/no-unused-vars
224:34  Warning: 'index' is defined but never used.  @typescript-eslint/no-unused-vars

./src/components/KanbanBoard.tsx
7:3  Warning: 'DragOverEvent' is defined but never used.  @typescript-eslint/no-unused-vars
17:3  Warning: 'arrayMove' is defined but never used.  @typescript-eslint/no-unused-vars
23:16  Warning: 'TASK_STATUS_LABELS' is defined but never used.  @typescript-eslint/no-unused-vars
30:60  Warning: Unexpected any. Specify a different type.  @typescript-eslint/no-explicit-any
53:60  Warning: Unexpected any. Specify a different type.  @typescript-eslint/no-explicit-any
206:60  Warning: Unexpected any. Specify a different type.  @typescript-eslint/no-explicit-any

./src/components/NotificationCenter.tsx
34:6  Warning: React Hook useEffect has a missing dependency: 'loadAlerts'. Either include it or remove the dependency array.  react-hooks/exhaustive-deps
196:56  Warning: Unexpected any. Specify a different type.  @typescript-eslint/no-explicit-any
215:72  Warning: Unexpected any. Specify a different type.  @typescript-eslint/no-explicit-any

./src/components/ProjectLeadershipTab.tsx
51:6  Warning: React Hook useEffect has a missing dependency: 'loadLeadershipHistory'. Either include it or remove the dependency array.  react-hooks/exhaustive-deps

./src/components/UserProfileModal.tsx
46:6  Warning: React Hook useEffect has a missing dependency: 'loadUserProfile'. Either include it or remove the dependency array.  react-hooks/exhaustive-deps
332:63  Warning: Unexpected any. Specify a different type.  @typescript-eslint/no-explicit-any
361:77  Warning: Unexpected any. Specify a different type.  @typescript-eslint/no-explicit-any
390:69  Warning: Unexpected any. Specify a different type.  @typescript-eslint/no-explicit-any

./src/components/ai/CustomerSegmentAnalyzer.tsx
17:6  Warning: React Hook useEffect has a missing dependency: 'loadSegmentData'. Either include it or remove the dependency array.  react-hooks/exhaustive-deps
43:56  Warning: Unexpected any. Specify a different type.  @typescript-eslint/no-explicit-any

./src/components/ai/SalesPredictionEngine.tsx
32:6  Warning: React Hook useEffect has a missing dependency: 'loadPredictions'. Either include it or remove the dependency array.  react-hooks/exhaustive-deps

./src/components/appointments/AppointmentCompletionForm.tsx
87:77  Warning: Unexpected any. Specify a different type.  @typescript-eslint/no-explicit-any
97:12  Warning: Unexpected any. Specify a different type.  @typescript-eslint/no-explicit-any
102:29  Warning: Unexpected any. Specify a different type.  @typescript-eslint/no-explicit-any
252:88  Warning: Unexpected any. Specify a different type.  @typescript-eslint/no-explicit-any

./src/components/appointments/AppointmentFlowModal.tsx
6:22  Warning: 'Calendar' is defined but never used.  @typescript-eslint/no-unused-vars
6:32  Warning: 'Clock' is defined but never used.  @typescript-eslint/no-unused-vars
6:39  Warning: 'MapPin' is defined but never used.  @typescript-eslint/no-unused-vars
6:47  Warning: 'Users' is defined but never used.  @typescript-eslint/no-unused-vars
6:54  Warning: 'Link' is defined but never used.  @typescript-eslint/no-unused-vars
13:20  Warning: Unexpected any. Specify a different type.  @typescript-eslint/no-explicit-any
119:52  Warning: Unexpected any. Specify a different type.  @typescript-eslint/no-explicit-any
126:74  Warning: Unexpected any. Specify a different type.  @typescript-eslint/no-explicit-any
130:50  Warning: Unexpected any. Specify a different type.  @typescript-eslint/no-explicit-any

./src/components/appointments/ContractProcessingForm.tsx
86:74  Warning: Unexpected any. Specify a different type.  @typescript-eslint/no-explicit-any
96:12  Warning: Unexpected any. Specify a different type.  @typescript-eslint/no-explicit-any
101:29  Warning: Unexpected any. Specify a different type.  @typescript-eslint/no-explicit-any

./src/components/appointments/EnhancedAppointmentKanban.tsx
27:3  Warning: 'ProcessingStatus' is defined but never used.  @typescript-eslint/no-unused-vars
28:3  Warning: 'RelationshipStatus' is defined but never used.  @typescript-eslint/no-unused-vars
29:3  Warning: 'SalesPhase' is defined but never used.  @typescript-eslint/no-unused-vars
30:3  Warning: 'SourceType' is defined but never used.  @typescript-eslint/no-unused-vars
108:11  Warning: Unexpected any. Specify a different type.  @typescript-eslint/no-explicit-any
115:3  Warning: 'onComplete' is defined but never used.  @typescript-eslint/no-unused-vars
392:53  Warning: Unexpected any. Specify a different type.  @typescript-eslint/no-explicit-any
400:11  Warning: Unexpected any. Specify a different type.  @typescript-eslint/no-explicit-any
408:3  Warning: 'sortBy' is defined but never used.  @typescript-eslint/no-unused-vars
542:6  Warning: React Hook useEffect has a missing dependency: 'loadKanbanData'. Either include it or remove the dependency array.  react-hooks/exhaustive-deps
696:54  Warning: Unexpected any. Specify a different type.  @typescript-eslint/no-explicit-any
698:39  Warning: Unexpected any. Specify a different type.  @typescript-eslint/no-explicit-any
717:39  Warning: Unexpected any. Specify a different type.  @typescript-eslint/no-explicit-any
727:39  Warning: Unexpected any. Specify a different type.  @typescript-eslint/no-explicit-any

./src/components/appointments/TaskCreationModal.tsx
44:21  Warning: Unexpected any. Specify a different type.  @typescript-eslint/no-explicit-any
50:3  Warning: 'targetRelationshipStatus' is defined but never used.  @typescript-eslint/no-unused-vars
98:28  Warning: Unexpected any. Specify a different type.  @typescript-eslint/no-explicit-any

./src/components/calendar/CalendarView.tsx
5:10  Warning: 'CalendarEvent' is defined but never used.  @typescript-eslint/no-unused-vars
15:8  Warning: 'ProjectDetailModal' is defined but never used.  @typescript-eslint/no-unused-vars
40:50  Warning: Unexpected any. Specify a different type.  @typescript-eslint/no-explicit-any
42:10  Warning: 'editingProject' is assigned a value but never used.  @typescript-eslint/no-unused-vars
42:26  Warning: 'setEditingProject' is assigned a value but never used.  @typescript-eslint/no-unused-vars
42:56  Warning: Unexpected any. Specify a different type.  @typescript-eslint/no-explicit-any
43:10  Warning: 'showProjectModal' is assigned a value but never used.  @typescript-eslint/no-unused-vars
43:28  Warning: 'setShowProjectModal' is assigned a value but never used.  @typescript-eslint/no-unused-vars
170:6  Warning: React Hook useEffect has a missing dependency: 'fetchEvents'. Either include it or remove the dependency array.  react-hooks/exhaustive-deps
315:43  Warning: Unexpected any. Specify a different type.  @typescript-eslint/no-explicit-any
402:13  Warning: 'responseData' is assigned a value but never used.  @typescript-eslint/no-unused-vars
426:13  Warning: 'active' is assigned a value but never used.  @typescript-eslint/no-unused-vars
573:25  Warning: Unexpected any. Specify a different type.  @typescript-eslint/no-explicit-any

./src/components/calendar/ColorTabs.tsx
56:3  Warning: 'importanceCounts' is assigned a value but never used.  @typescript-eslint/no-unused-vars

./src/components/calendar/DayEventsModal.tsx
3:10  Warning: 'CalendarEvent' is defined but never used.  @typescript-eslint/no-unused-vars

./src/components/calendar/DayView.tsx
3:10  Warning: 'CalendarEvent' is defined but never used.  @typescript-eslint/no-unused-vars

./src/components/calendar/DraggableCalendarCell.tsx
26:3  Warning: 'onEventMove' is defined but never used.  @typescript-eslint/no-unused-vars

./src/components/calendar/DraggableEvent.tsx
18:3  Warning: 'onMove' is defined but never used.  @typescript-eslint/no-unused-vars

./src/components/calendar/EventCard.tsx
13:25  Warning: Unexpected any. Specify a different type.  @typescript-eslint/no-explicit-any

./src/components/calendar/EventEditModal.tsx
88:80  Warning: Unexpected any. Specify a different type.  @typescript-eslint/no-explicit-any

./src/components/calendar/MonthView.tsx
87:72  Warning: 'dayIndex' is defined but never used.  @typescript-eslint/no-unused-vars

./src/components/calendar/WeekView.tsx
3:10  Warning: 'CalendarEvent' is defined but never used.  @typescript-eslint/no-unused-vars
5:10  Warning: 'getJSTDate' is defined but never used.  @typescript-eslint/no-unused-vars

./src/components/charts/PredictionVisualization.tsx
61:47  Warning: Unexpected any. Specify a different type.  @typescript-eslint/no-explicit-any

./src/components/charts/RoleLineChart.tsx
27:27  Warning: 'index' is defined but never used.  @typescript-eslint/no-unused-vars

./src/components/dashboard/SalesAnalyticsDashboard.tsx
24:6  Warning: React Hook useEffect has a missing dependency: 'loadAnalyticsData'. Either include it or remove the dependency array.  react-hooks/exhaustive-deps
157:53  Warning: Unexpected any. Specify a different type.  @typescript-eslint/no-explicit-any

./src/components/kanban/KanbanColumn.tsx
19:55  Warning: Unexpected any. Specify a different type.  @typescript-eslint/no-explicit-any
29:3  Warning: 'onItemMove' is defined but never used.  @typescript-eslint/no-unused-vars

./src/components/kanban/KanbanItemCard.tsx
14:10  Warning: 'TASK_STATUS_LABELS' is defined but never used.  @typescript-eslint/no-unused-vars

./src/components/kanban/UniversalKanban.tsx
237:6  Warning: React Hook useCallback has a missing dependency: 'executeMoveWithFeedback'. Either include it or remove the dependency array.  react-hooks/exhaustive-deps
317:94  Warning: Unexpected any. Specify a different type.  @typescript-eslint/no-explicit-any
322:25  Warning: Unexpected any. Specify a different type.  @typescript-eslint/no-explicit-any
378:121  Warning: Unexpected any. Specify a different type.  @typescript-eslint/no-explicit-any

./src/components/tasks/CompletionModal.tsx
6:10  Warning: 'CheckCircle' is defined but never used.  @typescript-eslint/no-unused-vars

./src/components/tasks/DueDateModal.tsx
6:27  Warning: 'AlertTriangle' is defined but never used.  @typescript-eslint/no-unused-vars

./src/components/tasks/MECERelationshipManager.tsx
12:3  Warning: 'X' is defined but never used.  @typescript-eslint/no-unused-vars
46:43  Warning: Unexpected any. Specify a different type.  @typescript-eslint/no-explicit-any
131:27  Warning: 'onDrop' is defined but never used.  @typescript-eslint/no-unused-vars
234:3  Warning: 'onTaskUpdate' is defined but never used.  @typescript-eslint/no-unused-vars
240:10  Warning: 'showCreateModal' is assigned a value but never used.  @typescript-eslint/no-unused-vars
280:6  Warning: React Hook useEffect has a missing dependency: 'fetchRelationships'. Either include it or remove the dependency array.  react-hooks/exhaustive-deps
283:35  Warning: Unexpected any. Specify a different type.  @typescript-eslint/no-explicit-any
288:39  Warning: Unexpected any. Specify a different type.  @typescript-eslint/no-explicit-any
414:63  Warning: 'config' is defined but never used.  @typescript-eslint/no-unused-vars

./src/components/tasks/SummaryModal.tsx
22:3  Warning: 'fromStatus' is assigned a value but never used.  @typescript-eslint/no-unused-vars

./src/components/tasks/TaskUpdateModal.tsx
7:3  Warning: 'Edit' is defined but never used.  @typescript-eslint/no-unused-vars
19:82  Warning: Unexpected any. Specify a different type.  @typescript-eslint/no-explicit-any

./src/components/tasks/UniversalTaskKanban.tsx
22:41  Warning: Unexpected any. Specify a different type.  @typescript-eslint/no-explicit-any
33:3  Warning: 'showViewTabs' is assigned a value but never used.  @typescript-eslint/no-unused-vars
41:18  Warning: 'setFilter' is assigned a value but never used.  @typescript-eslint/no-unused-vars
71:34  Warning: Unexpected any. Specify a different type.  @typescript-eslint/no-explicit-any
81:52  Warning: Unexpected any. Specify a different type.  @typescript-eslint/no-explicit-any
106:31  Warning: Unexpected any. Specify a different type.  @typescript-eslint/no-explicit-any

./src/hooks/useUserProfile.ts
4:10  Warning: 'User' is defined but never used.  @typescript-eslint/no-unused-vars

./src/lib/ai/advanced-content-analyzer.ts
250:44  Warning: Unexpected any. Specify a different type.  @typescript-eslint/no-explicit-any
307:44  Warning: Unexpected any. Specify a different type.  @typescript-eslint/no-explicit-any
356:68  Warning: 'sections' is defined but never used.  @typescript-eslint/no-unused-vars
464:51  Warning: Unexpected any. Specify a different type.  @typescript-eslint/no-explicit-any
466:22  Warning: Unexpected any. Specify a different type.  @typescript-eslint/no-explicit-any
471:65  Warning: Unexpected any. Specify a different type.  @typescript-eslint/no-explicit-any
473:22  Warning: Unexpected any. Specify a different type.  @typescript-eslint/no-explicit-any
478:63  Warning: Unexpected any. Specify a different type.  @typescript-eslint/no-explicit-any
480:22  Warning: Unexpected any. Specify a different type.  @typescript-eslint/no-explicit-any
486:54  Warning: Unexpected any. Specify a different type.  @typescript-eslint/no-explicit-any
488:23  Warning: Unexpected any. Specify a different type.  @typescript-eslint/no-explicit-any
493:79  Warning: Unexpected any. Specify a different type.  @typescript-eslint/no-explicit-any
495:26  Warning: Unexpected any. Specify a different type.  @typescript-eslint/no-explicit-any
525:32  Warning: Unexpected any. Specify a different type.  @typescript-eslint/no-explicit-any
615:52  Warning: Unexpected any. Specify a different type.  @typescript-eslint/no-explicit-any

./src/lib/ai/evaluation-engine.ts
20:13  Warning: 'workStyle' is assigned a value but never used.  @typescript-eslint/no-unused-vars
69:14  Warning: Unexpected any. Specify a different type.  @typescript-eslint/no-explicit-any
71:18  Warning: Unexpected any. Specify a different type.  @typescript-eslint/no-explicit-any
72:21  Warning: Unexpected any. Specify a different type.  @typescript-eslint/no-explicit-any
73:66  Warning: Unexpected any. Specify a different type.  @typescript-eslint/no-explicit-any
123:15  Warning: Unexpected any. Specify a different type.  @typescript-eslint/no-explicit-any
209:58  Warning: Unexpected any. Specify a different type.  @typescript-eslint/no-explicit-any
265:72  Warning: 'user' is defined but never used.  @typescript-eslint/no-unused-vars
279:48  Warning: Unexpected any. Specify a different type.  @typescript-eslint/no-explicit-any
291:50  Warning: Unexpected any. Specify a different type.  @typescript-eslint/no-explicit-any
301:46  Warning: Unexpected any. Specify a different type.  @typescript-eslint/no-explicit-any
301:51  Warning: 'connections' is defined but never used.  @typescript-eslint/no-unused-vars
301:64  Warning: Unexpected any. Specify a different type.  @typescript-eslint/no-explicit-any
306:43  Warning: Unexpected any. Specify a different type.  @typescript-eslint/no-explicit-any
306:48  Warning: 'recentActivity' is defined but never used.  @typescript-eslint/no-unused-vars
306:64  Warning: Unexpected any. Specify a different type.  @typescript-eslint/no-explicit-any
346:38  Warning: Unexpected any. Specify a different type.  @typescript-eslint/no-explicit-any

./src/lib/ai/recommendation-engine.ts
13:18  Warning: Unexpected any. Specify a different type.  @typescript-eslint/no-explicit-any
25:12  Warning: Unexpected any. Specify a different type.  @typescript-eslint/no-explicit-any

./src/lib/cache/memory-cache.ts
2:10  Warning: Unexpected any. Specify a different type.  @typescript-eslint/no-explicit-any
10:35  Warning: Unexpected any. Specify a different type.  @typescript-eslint/no-explicit-any
23:33  Warning: Unexpected any. Specify a different type.  @typescript-eslint/no-explicit-any

./src/lib/database/prisma-service.ts
133:13  Warning: 'creator' is assigned a value but never used.  @typescript-eslint/no-unused-vars
133:22  Warning: 'manager' is assigned a value but never used.  @typescript-eslint/no-unused-vars
161:25  Warning: Unexpected any. Specify a different type.  @typescript-eslint/no-explicit-any
218:28  Warning: Unexpected any. Specify a different type.  @typescript-eslint/no-explicit-any
228:53  Warning: Unexpected any. Specify a different type.  @typescript-eslint/no-explicit-any
271:42  Warning: Unexpected any. Specify a different type.  @typescript-eslint/no-explicit-any
282:75  Warning: Unexpected any. Specify a different type.  @typescript-eslint/no-explicit-any
298:25  Warning: Unexpected any. Specify a different type.  @typescript-eslint/no-explicit-any
321:48  Warning: Unexpected any. Specify a different type.  @typescript-eslint/no-explicit-any
332:77  Warning: Unexpected any. Specify a different type.  @typescript-eslint/no-explicit-any
372:28  Warning: Unexpected any. Specify a different type.  @typescript-eslint/no-explicit-any
381:29  Warning: Unexpected any. Specify a different type.  @typescript-eslint/no-explicit-any
382:39  Warning: Unexpected any. Specify a different type.  @typescript-eslint/no-explicit-any
383:35  Warning: Unexpected any. Specify a different type.  @typescript-eslint/no-explicit-any
408:32  Warning: Unexpected any. Specify a different type.  @typescript-eslint/no-explicit-any
409:42  Warning: Unexpected any. Specify a different type.  @typescript-eslint/no-explicit-any
410:38  Warning: Unexpected any. Specify a different type.  @typescript-eslint/no-explicit-any
435:32  Warning: Unexpected any. Specify a different type.  @typescript-eslint/no-explicit-any
436:42  Warning: Unexpected any. Specify a different type.  @typescript-eslint/no-explicit-any
437:38  Warning: Unexpected any. Specify a different type.  @typescript-eslint/no-explicit-any
447:25  Warning: Unexpected any. Specify a different type.  @typescript-eslint/no-explicit-any
477:39  Warning: Unexpected any. Specify a different type.  @typescript-eslint/no-explicit-any
478:49  Warning: Unexpected any. Specify a different type.  @typescript-eslint/no-explicit-any
479:45  Warning: Unexpected any. Specify a different type.  @typescript-eslint/no-explicit-any
510:13  Warning: 'creator' is assigned a value but never used.  @typescript-eslint/no-unused-vars
510:22  Warning: 'assignee' is assigned a value but never used.  @typescript-eslint/no-unused-vars
535:25  Warning: Unexpected any. Specify a different type.  @typescript-eslint/no-explicit-any
593:24  Warning: 'creator' is assigned a value but never used.  @typescript-eslint/no-unused-vars
593:33  Warning: 'assignee' is assigned a value but never used.  @typescript-eslint/no-unused-vars
621:25  Warning: Unexpected any. Specify a different type.  @typescript-eslint/no-explicit-any
682:21  Warning: 'creator' is assigned a value but never used.  @typescript-eslint/no-unused-vars
682:30  Warning: 'assignee' is assigned a value but never used.  @typescript-eslint/no-unused-vars
706:25  Warning: Unexpected any. Specify a different type.  @typescript-eslint/no-explicit-any
764:13  Warning: 'creator' is assigned a value but never used.  @typescript-eslint/no-unused-vars
764:22  Warning: 'assignee' is assigned a value but never used.  @typescript-eslint/no-unused-vars
764:32  Warning: 'assignedToId' is assigned a value but never used.  @typescript-eslint/no-unused-vars
764:46  Warning: 'details' is assigned a value but never used.  @typescript-eslint/no-unused-vars
764:58  Warning: 'appointmentData' is assigned a value but never used.  @typescript-eslint/no-unused-vars
798:25  Warning: Unexpected any. Specify a different type.  @typescript-eslint/no-explicit-any
883:45  Warning: Unexpected any. Specify a different type.  @typescript-eslint/no-explicit-any
925:41  Warning: Unexpected any. Specify a different type.  @typescript-eslint/no-explicit-any
936:77  Warning: Unexpected any. Specify a different type.  @typescript-eslint/no-explicit-any
978:28  Warning: Unexpected any. Specify a different type.  @typescript-eslint/no-explicit-any
988:53  Warning: Unexpected any. Specify a different type.  @typescript-eslint/no-explicit-any
1030:28  Warning: Unexpected any. Specify a different type.  @typescript-eslint/no-explicit-any
1040:53  Warning: Unexpected any. Specify a different type.  @typescript-eslint/no-explicit-any
1081:28  Warning: Unexpected any. Specify a different type.  @typescript-eslint/no-explicit-any
1091:53  Warning: Unexpected any. Specify a different type.  @typescript-eslint/no-explicit-any
1121:15  Warning: Unexpected any. Specify a different type.  @typescript-eslint/no-explicit-any
1143:15  Warning: Unexpected any. Specify a different type.  @typescript-eslint/no-explicit-any
1159:61  Warning: Unexpected any. Specify a different type.  @typescript-eslint/no-explicit-any
1174:54  Warning: Unexpected any. Specify a different type.  @typescript-eslint/no-explicit-any
1198:15  Warning: Unexpected any. Specify a different type.  @typescript-eslint/no-explicit-any
1225:15  Warning: Unexpected any. Specify a different type.  @typescript-eslint/no-explicit-any
1227:25  Warning: Unexpected any. Specify a different type.  @typescript-eslint/no-explicit-any
1244:48  Warning: Unexpected any. Specify a different type.  @typescript-eslint/no-explicit-any
1268:15  Warning: Unexpected any. Specify a different type.  @typescript-eslint/no-explicit-any
1293:15  Warning: Unexpected any. Specify a different type.  @typescript-eslint/no-explicit-any
1295:25  Warning: Unexpected any. Specify a different type.  @typescript-eslint/no-explicit-any
1311:60  Warning: Unexpected any. Specify a different type.  @typescript-eslint/no-explicit-any
1328:51  Warning: Unexpected any. Specify a different type.  @typescript-eslint/no-explicit-any
1341:48  Warning: Unexpected any. Specify a different type.  @typescript-eslint/no-explicit-any

./src/lib/hooks/useKanbanMove.ts
7:3  Warning: 'KanbanViewType' is defined but never used.  @typescript-eslint/no-unused-vars
14:22  Warning: Unexpected any. Specify a different type.  @typescript-eslint/no-explicit-any
28:20  Warning: Unexpected any. Specify a different type.  @typescript-eslint/no-explicit-any
34:5  Warning: 'itemType' is assigned a value but never used.  @typescript-eslint/no-unused-vars
63:27  Warning: Unexpected any. Specify a different type.  @typescript-eslint/no-explicit-any

./src/lib/icons.ts
43:3  Warning: 'Eye' is defined but never used.  @typescript-eslint/no-unused-vars
49:3  Warning: 'ArrowDown' is defined but never used.  @typescript-eslint/no-unused-vars

./src/lib/jobs/alert-scheduler.ts
65:19  Warning: Unexpected any. Specify a different type.  @typescript-eslint/no-explicit-any
66:26  Warning: Unexpected any. Specify a different type.  @typescript-eslint/no-explicit-any

./src/lib/line/assignee-resolver.ts
165:81  Warning: Unexpected any. Specify a different type.  @typescript-eslint/no-explicit-any
168:20  Warning: Unexpected any. Specify a different type.  @typescript-eslint/no-explicit-any

./src/lib/line/data-saver.ts
5:18  Warning: Unexpected any. Specify a different type.  @typescript-eslint/no-explicit-any
6:53  Warning: Unexpected any. Specify a different type.  @typescript-eslint/no-explicit-any
13:18  Warning: Unexpected any. Specify a different type.  @typescript-eslint/no-explicit-any
404:53  Warning: Unexpected any. Specify a different type.  @typescript-eslint/no-explicit-any
405:3  Warning: '_userId' is defined but never used.  @typescript-eslint/no-unused-vars

./src/lib/line/datetime-parser.ts
103:17  Warning: 'match' is defined but never used.  @typescript-eslint/no-unused-vars
137:17  Warning: 'match' is defined but never used.  @typescript-eslint/no-unused-vars
169:17  Warning: 'match' is defined but never used.  @typescript-eslint/no-unused-vars
203:17  Warning: 'match' is defined but never used.  @typescript-eslint/no-unused-vars
273:17  Warning: 'match' is defined but never used.  @typescript-eslint/no-unused-vars
417:17  Warning: 'match' is defined but never used.  @typescript-eslint/no-unused-vars
497:13  Warning: 'prompt' is assigned a value but never used.  @typescript-eslint/no-unused-vars

./src/lib/line/enhanced-command-detector.ts
7:28  Warning: Unexpected any. Specify a different type.  @typescript-eslint/no-explicit-any
12:11  Warning: Unexpected any. Specify a different type.  @typescript-eslint/no-explicit-any
25:5  Warning: 'groupId' is defined but never used.  @typescript-eslint/no-unused-vars
62:66  Warning: Unexpected any. Specify a different type.  @typescript-eslint/no-explicit-any
65:30  Warning: Unexpected any. Specify a different type.  @typescript-eslint/no-explicit-any
180:60  Warning: 'intentType' is defined but never used.  @typescript-eslint/no-unused-vars
180:104  Warning: Unexpected any. Specify a different type.  @typescript-eslint/no-explicit-any
181:36  Warning: Unexpected any. Specify a different type.  @typescript-eslint/no-explicit-any
262:30  Warning: Unexpected any. Specify a different type.  @typescript-eslint/no-explicit-any
263:43  Warning: Unexpected any. Specify a different type.  @typescript-eslint/no-explicit-any
349:42  Warning: Unexpected any. Specify a different type.  @typescript-eslint/no-explicit-any
349:56  Warning: Unexpected any. Specify a different type.  @typescript-eslint/no-explicit-any
378:57  Warning: Unexpected any. Specify a different type.  @typescript-eslint/no-explicit-any
406:60  Warning: Unexpected any. Specify a different type.  @typescript-eslint/no-explicit-any
409:30  Warning: Unexpected any. Specify a different type.  @typescript-eslint/no-explicit-any

./src/lib/line/line-flex-ui.ts
79:93  Warning: Unexpected any. Specify a different type.  @typescript-eslint/no-explicit-any
79:113  Warning: 'isMenuSession' is defined but never used.  @typescript-eslint/no-unused-vars
451:124  Warning: Unexpected any. Specify a different type.  @typescript-eslint/no-explicit-any
560:87  Warning: Unexpected any. Specify a different type.  @typescript-eslint/no-explicit-any
563:9  Warning: 'currentData' is assigned a value but never used.  @typescript-eslint/no-unused-vars

./src/lib/line/line-menu.ts
492:27  Warning: Unexpected any. Specify a different type.  @typescript-eslint/no-explicit-any
603:12  Warning: Unexpected any. Specify a different type.  @typescript-eslint/no-explicit-any
619:12  Warning: Unexpected any. Specify a different type.  @typescript-eslint/no-explicit-any

./src/lib/line/line-messages.ts
44:58  Warning: Unexpected any. Specify a different type.  @typescript-eslint/no-explicit-any

./src/lib/line/line-sender.ts
13:9  Warning: Unexpected any. Specify a different type.  @typescript-eslint/no-explicit-any
17:17  Warning: Unexpected any. Specify a different type.  @typescript-eslint/no-explicit-any
116:16  Warning: Unexpected any. Specify a different type.  @typescript-eslint/no-explicit-any
126:11  Warning: 'messagePayload' is assigned a value but never used.  @typescript-eslint/no-unused-vars
146:36  Warning: Unexpected any. Specify a different type.  @typescript-eslint/no-explicit-any
146:42  Warning: Unexpected any. Specify a different type.  @typescript-eslint/no-explicit-any
152:27  Warning: Unexpected any. Specify a different type.  @typescript-eslint/no-explicit-any

./src/lib/line/message-handler.ts
54:56  Warning: Unexpected any. Specify a different type.  @typescript-eslint/no-explicit-any
232:78  Warning: Unexpected any. Specify a different type.  @typescript-eslint/no-explicit-any
251:16  Warning: 'error' is defined but never used.  @typescript-eslint/no-unused-vars
279:16  Warning: 'error' is defined but never used.  @typescript-eslint/no-unused-vars
310:16  Warning: 'error' is defined but never used.  @typescript-eslint/no-unused-vars

./src/lib/line/session-manager.ts
9:24  Warning: Unexpected any. Specify a different type.  @typescript-eslint/no-explicit-any
162:124  Warning: Unexpected any. Specify a different type.  @typescript-eslint/no-explicit-any
215:67  Warning: Unexpected any. Specify a different type.  @typescript-eslint/no-explicit-any

./src/lib/line/webhook-validator.ts
14:14  Warning: Unexpected any. Specify a different type.  @typescript-eslint/no-explicit-any

./src/lib/services/alert-engine.ts
2:35  Warning: 'Project' is defined but never used.  @typescript-eslint/no-unused-vars
2:44  Warning: 'Task' is defined but never used.  @typescript-eslint/no-unused-vars
2:50  Warning: 'User' is defined but never used.  @typescript-eslint/no-unused-vars
313:48  Warning: Unexpected any. Specify a different type.  @typescript-eslint/no-explicit-any
327:48  Warning: Unexpected any. Specify a different type.  @typescript-eslint/no-explicit-any

./src/lib/services/kgi-generator.ts
110:72  Warning: Unexpected any. Specify a different type.  @typescript-eslint/no-explicit-any
115:67  Warning: Unexpected any. Specify a different type.  @typescript-eslint/no-explicit-any
130:68  Warning: Unexpected any. Specify a different type.  @typescript-eslint/no-explicit-any
146:14  Warning: Unexpected any. Specify a different type.  @typescript-eslint/no-explicit-any
147:12  Warning: Unexpected any. Specify a different type.  @typescript-eslint/no-explicit-any
148:18  Warning: Unexpected any. Specify a different type.  @typescript-eslint/no-explicit-any
149:19  Warning: Unexpected any. Specify a different type.  @typescript-eslint/no-explicit-any
153:11  Warning: Unexpected any. Specify a different type.  @typescript-eslint/no-explicit-any
181:31  Warning: Unexpected any. Specify a different type.  @typescript-eslint/no-explicit-any
193:56  Warning: Unexpected any. Specify a different type.  @typescript-eslint/no-explicit-any
194:14  Warning: Unexpected any. Specify a different type.  @typescript-eslint/no-explicit-any
245:43  Warning: Unexpected any. Specify a different type.  @typescript-eslint/no-explicit-any
245:64  Warning: Unexpected any. Specify a different type.  @typescript-eslint/no-explicit-any
253:36  Warning: Unexpected any. Specify a different type.  @typescript-eslint/no-explicit-any
259:36  Warning: Unexpected any. Specify a different type.  @typescript-eslint/no-explicit-any

./src/lib/services/notification-service.ts
185:42  Warning: Unexpected any. Specify a different type.  @typescript-eslint/no-explicit-any
197:48  Warning: Unexpected any. Specify a different type.  @typescript-eslint/no-explicit-any
228:43  Warning: Unexpected any. Specify a different type.  @typescript-eslint/no-explicit-any
242:48  Warning: Unexpected any. Specify a different type.  @typescript-eslint/no-explicit-any

./src/lib/services/project-promotion-engine.ts
11:17  Warning: Unexpected any. Specify a different type.  @typescript-eslint/no-explicit-any
280:41  Warning: Unexpected any. Specify a different type.  @typescript-eslint/no-explicit-any
280:81  Warning: Unexpected any. Specify a different type.  @typescript-eslint/no-explicit-any
281:40  Warning: Unexpected any. Specify a different type.  @typescript-eslint/no-explicit-any
313:73  Warning: Unexpected any. Specify a different type.  @typescript-eslint/no-explicit-any
322:46  Warning: Unexpected any. Specify a different type.  @typescript-eslint/no-explicit-any
343:52  Warning: Unexpected any. Specify a different type.  @typescript-eslint/no-explicit-any
343:72  Warning: Unexpected any. Specify a different type.  @typescript-eslint/no-explicit-any
344:40  Warning: Unexpected any. Specify a different type.  @typescript-eslint/no-explicit-any
357:50  Warning: Unexpected any. Specify a different type.  @typescript-eslint/no-explicit-any
357:70  Warning: Unexpected any. Specify a different type.  @typescript-eslint/no-explicit-any
358:40  Warning: Unexpected any. Specify a different type.  @typescript-eslint/no-explicit-any
371:41  Warning: Unexpected any. Specify a different type.  @typescript-eslint/no-explicit-any
371:82  Warning: Unexpected any. Specify a different type.  @typescript-eslint/no-explicit-any
376:25  Warning: Unexpected any. Specify a different type.  @typescript-eslint/no-explicit-any
406:53  Warning: Unexpected any. Specify a different type.  @typescript-eslint/no-explicit-any
414:39  Warning: Unexpected any. Specify a different type.  @typescript-eslint/no-explicit-any
424:47  Warning: Unexpected any. Specify a different type.  @typescript-eslint/no-explicit-any
434:50  Warning: Unexpected any. Specify a different type.  @typescript-eslint/no-explicit-any
443:42  Warning: Unexpected any. Specify a different type.  @typescript-eslint/no-explicit-any
448:64  Warning: Unexpected any. Specify a different type.  @typescript-eslint/no-explicit-any
449:11  Warning: 'taskTitles' is assigned a value but never used.  @typescript-eslint/no-unused-vars
453:63  Warning: Unexpected any. Specify a different type.  @typescript-eslint/no-explicit-any

./src/lib/services/relationship-service.ts
101:45  Warning: Unexpected any. Specify a different type.  @typescript-eslint/no-explicit-any
101:59  Warning: Unexpected any. Specify a different type.  @typescript-eslint/no-explicit-any
115:78  Warning: Unexpected any. Specify a different type.  @typescript-eslint/no-explicit-any
130:67  Warning: Unexpected any. Specify a different type.  @typescript-eslint/no-explicit-any

./src/lib/types/kanban-types.ts
270:41  Warning: Unexpected any. Specify a different type.  @typescript-eslint/no-explicit-any

./src/lib/types.ts
294:11  Warning: Unexpected any. Specify a different type.  @typescript-eslint/no-explicit-any

./src/lib/utils/ai-json-parser.ts
76:14  Warning: 'e' is defined but never used.  @typescript-eslint/no-unused-vars
87:16  Warning: 'e' is defined but never used.  @typescript-eslint/no-unused-vars
99:16  Warning: 'e' is defined but never used.  @typescript-eslint/no-unused-vars
192:52  Warning: Unexpected any. Specify a different type.  @typescript-eslint/no-explicit-any
193:19  Warning: Unexpected any. Specify a different type.  @typescript-eslint/no-explicit-any
201:18  Warning: 'e' is defined but never used.  @typescript-eslint/no-unused-vars
211:18  Warning: 'e' is defined but never used.  @typescript-eslint/no-unused-vars
221:18  Warning: 'e' is defined but never used.  @typescript-eslint/no-unused-vars
231:18  Warning: 'e' is defined but never used.  @typescript-eslint/no-unused-vars

./src/lib/utils/ai-throttle-manager.ts
5:33  Warning: Unexpected any. Specify a different type.  @typescript-eslint/no-explicit-any
127:14  Warning: Unexpected any. Specify a different type.  @typescript-eslint/no-explicit-any

./src/types/calendar.ts
145:21  Warning: Unexpected any. Specify a different type.  @typescript-eslint/no-explicit-any

info  - Need to disable some ESLint rules? Learn more here: https://nextjs.org/docs/app/api-reference/config/eslint#disabling-rules
   Collecting page data ...
   Generating static pages (0/45) ...
   Generating static pages (11/45) 
   Generating static pages (22/45) 
   Generating static pages (33/45) 
 ✓ Generating static pages (45/45)
   Finalizing page optimization ...
   Collecting build traces ...

Route (app)                                   Size  First Load JS
┌ ○ /                                      31.1 kB         258 kB
├ ○ /_not-found                              990 B         103 kB
├ ƒ /api/admin/ai-usage                      270 B         102 kB
├ ƒ /api/ai-content-analysis                 270 B         102 kB
├ ƒ /api/ai/batch-evaluate                   270 B         102 kB
├ ƒ /api/ai/evaluate                         270 B         102 kB
├ ƒ /api/ai/sales-prediction                 270 B         102 kB
├ ƒ /api/alerts                              270 B         102 kB
├ ƒ /api/alerts/[id]                         270 B         102 kB
├ ƒ /api/alerts/scheduler                    270 B         102 kB
├ ƒ /api/analytics/sales-performance         270 B         102 kB
├ ƒ /api/appointments                        270 B         102 kB
├ ƒ /api/appointments/[id]                   270 B         102 kB
├ ƒ /api/appointments/[id]/assignee          270 B         102 kB
├ ƒ /api/appointments/[id]/complete          270 B         102 kB
├ ƒ /api/appointments/[id]/contract          270 B         102 kB
├ ƒ /api/appointments/[id]/details           270 B         102 kB
├ ƒ /api/appointments/[id]/schedule          270 B         102 kB
├ ƒ /api/appointments/evaluate               270 B         102 kB
├ ƒ /api/appointments/kanban/[type]          270 B         102 kB
├ ƒ /api/calendar                            270 B         102 kB
├ ƒ /api/calendar/events                     270 B         102 kB
├ ƒ /api/calendar/events/[id]                270 B         102 kB
├ ƒ /api/calendar/unified                    270 B         102 kB
├ ƒ /api/connections                         270 B         102 kB
├ ƒ /api/discord/metrics                     270 B         102 kB
├ ƒ /api/google-docs/analytics               270 B         102 kB
├ ƒ /api/google-docs/recommendations         270 B         102 kB
├ ƒ /api/google-docs/sources                 270 B         102 kB
├ ƒ /api/kanban/move                         270 B         102 kB
├ ƒ /api/knowledge                           270 B         102 kB
├ ƒ /api/knowledge/[id]/like                 270 B         102 kB
├ ƒ /api/projects                            270 B         102 kB
├ ƒ /api/projects/[id]/analytics             270 B         102 kB
├ ƒ /api/projects/[id]/assignee              270 B         102 kB
├ ƒ /api/projects/[id]/kgi                   270 B         102 kB
├ ƒ /api/projects/[id]/leadership-history    270 B         102 kB
├ ƒ /api/projects/[id]/relationships         270 B         102 kB
├ ƒ /api/projects/promotion-candidates       270 B         102 kB
├ ƒ /api/schedules                           270 B         102 kB
├ ƒ /api/schedules/[id]                      270 B         102 kB
├ ƒ /api/task-relationships                  270 B         102 kB
├ ƒ /api/task-relationships/[id]             270 B         102 kB
├ ƒ /api/tasks                               270 B         102 kB
├ ƒ /api/tasks/[id]/archive                  270 B         102 kB
├ ƒ /api/tasks/[id]/assignee                 270 B         102 kB
├ ƒ /api/tasks/[id]/collaborators            270 B         102 kB
├ ƒ /api/test-data/cleanup                   270 B         102 kB
├ ƒ /api/users                               270 B         102 kB
├ ƒ /api/users/[id]/profile                  270 B         102 kB
├ ƒ /api/users/line/[lineId]                 270 B         102 kB
├ ƒ /api/webhook/google-docs-gas             270 B         102 kB
├ ƒ /api/webhook/line                        270 B         102 kB
├ ○ /appointments                          23.6 kB         147 kB
├ ○ /calendar                              12.4 kB         139 kB
├ ○ /connections                           4.66 kB         106 kB
├ ○ /dashboard/discord-insights            5.11 kB         224 kB
├ ○ /dashboard/google-docs                 3.77 kB         113 kB
├ ○ /dashboard/sales-analytics             9.71 kB         233 kB
├ ○ /knowledge                              5.3 kB         107 kB
├ ○ /line-test                             2.37 kB         107 kB
├ ○ /meeting-notes                          6.6 kB         108 kB
├ ○ /projects                              15.1 kB         125 kB
└ ○ /tasks                                 14.6 kB         148 kB
+ First Load JS shared by all               102 kB
  ├ chunks/1684-868380a51315b377.js        46.4 kB
  ├ chunks/4bd1b696-8984d4a0ebe26c45.js    53.2 kB
  └ other shared chunks (total)            2.15 kB


○  (Static)   prerendered as static content
ƒ  (Dynamic)  server-rendered on demand

