
> find-to-do-management-app@0.1.0 dev
> next dev --turbopack

   ▲ Next.js 15.3.3 (Turbopack)
   - Local:        http://localhost:3000
   - Network:      http://172.23.53.187:3000
   - Environments: .env.development.local, .env.local, .env

 ✓ Starting...
 ✓ Ready in 13s
 ⚠ Webpack is configured while Turbopack is not, which may cause problems.
 ⚠ See instructions if you need to configure Turbopack:
  https://nextjs.org/docs/app/api-reference/next-config-js/turbo

 ○ Compiling /api/analytics/test ...
 ✓ Compiled /api/analytics/test in 11.8s
 GET /api/analytics/test 200 in 17844ms
 GET /api/analytics/test 200 in 1207ms
 ○ Compiling /api/analytics/dashboard ...
 ✓ Compiled /api/analytics/dashboard in 5.9s
 GET /api/analytics/dashboard?days=7 200 in 11993ms
 GET /api/analytics/test 200 in 2346ms
 GET /api/analytics/dashboard?days=7 200 in 6478ms
 ○ Compiling /_not-found/page ...
 ✓ Compiled /_not-found/page in 10.2s
 GET /analytics 404 in 10827ms
 GET /api/analytics/dashboard?days=7 200 in 8589ms
 GET /api/analytics/dashboard?days=7 200 in 6455ms
   Reload env: .env.local
 GET /api/analytics/test 500 in 4065ms
   Reload env: .env.local
 GET /api/analytics/test 200 in 5200ms
 GET /api/analytics/dashboard?days=7 200 in 4957ms
 ○ Compiling /appointments ...
 ✓ Compiled /appointments in 3.4s
 ⨯ Error: Cannot find module '../../chunks/ssr/[turbopack]_runtime.js'
Require stack:
- /mnt/c/find-to-do-management-app/.next/server/app/appointments/page.js
- /mnt/c/find-to-do-management-app/node_modules/next/dist/server/require.js
- /mnt/c/find-to-do-management-app/node_modules/next/dist/server/load-components.js
- /mnt/c/find-to-do-management-app/node_modules/next/dist/build/utils.js
- /mnt/c/find-to-do-management-app/node_modules/next/dist/build/swc/options.js
- /mnt/c/find-to-do-management-app/node_modules/next/dist/build/swc/index.js
- /mnt/c/find-to-do-management-app/node_modules/next/dist/build/analysis/parse-module.js
- /mnt/c/find-to-do-management-app/node_modules/next/dist/build/analysis/get-page-static-info.js
- /mnt/c/find-to-do-management-app/node_modules/next/dist/server/lib/router-utils/setup-dev-bundler.js
- /mnt/c/find-to-do-management-app/node_modules/next/dist/server/lib/router-server.js
- /mnt/c/find-to-do-management-app/node_modules/next/dist/server/lib/start-server.js
    at Object.<anonymous> (.next/server/app/appointments/page.js:2:17) {
  code: 'MODULE_NOT_FOUND',
  requireStack: [Array],
  page: '/appointments'
}
 ○ Compiling /_error ...
 ✓ Compiled /_error in 2.7s
 ⨯ Error: Cannot find module '../chunks/ssr/[turbopack]_runtime.js'
Require stack:
- /mnt/c/find-to-do-management-app/.next/server/pages/_document.js
- /mnt/c/find-to-do-management-app/node_modules/next/dist/server/require.js
- /mnt/c/find-to-do-management-app/node_modules/next/dist/server/load-components.js
- /mnt/c/find-to-do-management-app/node_modules/next/dist/build/utils.js
- /mnt/c/find-to-do-management-app/node_modules/next/dist/build/swc/options.js
- /mnt/c/find-to-do-management-app/node_modules/next/dist/build/swc/index.js
- /mnt/c/find-to-do-management-app/node_modules/next/dist/build/analysis/parse-module.js
- /mnt/c/find-to-do-management-app/node_modules/next/dist/build/analysis/get-page-static-info.js
- /mnt/c/find-to-do-management-app/node_modules/next/dist/server/lib/router-utils/setup-dev-bundler.js
- /mnt/c/find-to-do-management-app/node_modules/next/dist/server/lib/router-server.js
- /mnt/c/find-to-do-management-app/node_modules/next/dist/server/lib/start-server.js
    at Object.<anonymous> (.next/server/pages/_document.js:2:17) {
  code: 'MODULE_NOT_FOUND',
  requireStack: [Array]
}
 GET /appointments 500 in 20242ms
 ⨯ [Error: ENOENT: no such file or directory, open '/mnt/c/find-to-do-management-app/.next/server/app/_not-found/page/app-build-manifest.json'] {
  errno: -2,
  code: 'ENOENT',
  syscall: 'open',
  path: '/mnt/c/find-to-do-management-app/.next/server/app/_not-found/page/app-build-manifest.json'
}
 GET /.well-known/appspecific/com.chrome.devtools.json 500 in 499ms
 ○ Compiling /favicon.ico ...
 ✓ Compiled /favicon.ico in 1187ms
 GET /favicon.ico 200 in 1803ms
 ⨯ [Error: ENOENT: no such file or directory, open '/mnt/c/find-to-do-management-app/.next/server/app/appointments/page/app-build-manifest.json'] {
  errno: -2,
  code: 'ENOENT',
  syscall: 'open',
  path: '/mnt/c/find-to-do-management-app/.next/server/app/appointments/page/app-build-manifest.json'
}
 ⨯ [Error: ENOENT: no such file or directory, open '/mnt/c/find-to-do-management-app/.next/server/pages/_app/build-manifest.json'] {
  errno: -2,
  code: 'ENOENT',
  syscall: 'open',
  path: '/mnt/c/find-to-do-management-app/.next/server/pages/_app/build-manifest.json'
}
[Error: ENOENT: no such file or directory, open '/mnt/c/find-to-do-management-app/.next/server/app/appointments/page/app-build-manifest.json'] {
  errno: -2,
  code: 'ENOENT',
  syscall: 'open',
  path: '/mnt/c/find-to-do-management-app/.next/server/app/appointments/page/app-build-manifest.json'
}
 ⨯ [Error: ENOENT: no such file or directory, open '/mnt/c/find-to-do-management-app/.next/server/pages/_app/build-manifest.json'] {
  errno: -2,
  code: 'ENOENT',
  syscall: 'open',
  path: '/mnt/c/find-to-do-management-app/.next/server/pages/_app/build-manifest.json'
}
[Error: ENOENT: no such file or directory, open '/mnt/c/find-to-do-management-app/.next/server/pages/_app/build-manifest.json'] {
  errno: -2,
  code: 'ENOENT',
  syscall: 'open',
  path: '/mnt/c/find-to-do-management-app/.next/server/pages/_app/build-manifest.json'
}
 ⨯ [Error: ENOENT: no such file or directory, open '/mnt/c/find-to-do-management-app/.next/server/app/_not-found/page/app-build-manifest.json'] {
  errno: -2,
  code: 'ENOENT',
  syscall: 'open',
  path: '/mnt/c/find-to-do-management-app/.next/server/app/_not-found/page/app-build-manifest.json'
}
[Error: ENOENT: no such file or directory, open '/mnt/c/find-to-do-management-app/.next/server/pages/_app/build-manifest.json'] {
  errno: -2,
  code: 'ENOENT',
  syscall: 'open',
  path: '/mnt/c/find-to-do-management-app/.next/server/pages/_app/build-manifest.json'
}
 ⨯ [Error: ENOENT: no such file or directory, open '/mnt/c/find-to-do-management-app/.next/server/pages/_app/build-manifest.json'] {
  errno: -2,
  code: 'ENOENT',
  syscall: 'open',
  path: '/mnt/c/find-to-do-management-app/.next/server/pages/_app/build-manifest.json'
}
[Error: ENOENT: no such file or directory, open '/mnt/c/find-to-do-management-app/.next/server/pages/_app/build-manifest.json'] {
  errno: -2,
  code: 'ENOENT',
  syscall: 'open',
  path: '/mnt/c/find-to-do-management-app/.next/server/pages/_app/build-manifest.json'
}
 ⨯ [Error: ENOENT: no such file or directory, open '/mnt/c/find-to-do-management-app/.next/server/app/favicon.ico/[__metadata_id__]/route/app-paths-manifest.json'] {
  errno: -2,
  code: 'ENOENT',
  syscall: 'open',
  path: '/mnt/c/find-to-do-management-app/.next/server/app/favicon.ico/[__metadata_id__]/route/app-paths-manifest.json'
}
 ⨯ [Error: ENOENT: no such file or directory, open '/mnt/c/find-to-do-management-app/.next/server/app/appointments/page/app-build-manifest.json'] {
  errno: -2,
  code: 'ENOENT',
  syscall: 'open',
  path: '/mnt/c/find-to-do-management-app/.next/server/app/appointments/page/app-build-manifest.json'
}
 ⨯ [Error: ENOENT: no such file or directory, open '/mnt/c/find-to-do-management-app/.next/server/pages/_app/build-manifest.json'] {
  errno: -2,
  code: 'ENOENT',
  syscall: 'open',
  path: '/mnt/c/find-to-do-management-app/.next/server/pages/_app/build-manifest.json'
}
[Error: ENOENT: no such file or directory, open '/mnt/c/find-to-do-management-app/.next/server/app/appointments/page/app-build-manifest.json'] {
  errno: -2,
  code: 'ENOENT',
  syscall: 'open',
  path: '/mnt/c/find-to-do-management-app/.next/server/app/appointments/page/app-build-manifest.json'
}
 ⨯ [Error: ENOENT: no such file or directory, open '/mnt/c/find-to-do-management-app/.next/server/pages/_app/build-manifest.json'] {
  errno: -2,
  code: 'ENOENT',
  syscall: 'open',
  path: '/mnt/c/find-to-do-management-app/.next/server/pages/_app/build-manifest.json'
}
[Error: ENOENT: no such file or directory, open '/mnt/c/find-to-do-management-app/.next/server/pages/_app/build-manifest.json'] {
  errno: -2,
  code: 'ENOENT',
  syscall: 'open',
  path: '/mnt/c/find-to-do-management-app/.next/server/pages/_app/build-manifest.json'
}
 ⨯ [Error: ENOENT: no such file or directory, open '/mnt/c/find-to-do-management-app/.next/server/app/_not-found/page/app-build-manifest.json'] {
  errno: -2,
  code: 'ENOENT',
  syscall: 'open',
  path: '/mnt/c/find-to-do-management-app/.next/server/app/_not-found/page/app-build-manifest.json'
}
[Error: ENOENT: no such file or directory, open '/mnt/c/find-to-do-management-app/.next/server/pages/_app/build-manifest.json'] {
  errno: -2,
  code: 'ENOENT',
  syscall: 'open',
  path: '/mnt/c/find-to-do-management-app/.next/server/pages/_app/build-manifest.json'
}
 ⨯ [Error: ENOENT: no such file or directory, open '/mnt/c/find-to-do-management-app/.next/server/pages/_app/build-manifest.json'] {
  errno: -2,
  code: 'ENOENT',
  syscall: 'open',
  path: '/mnt/c/find-to-do-management-app/.next/server/pages/_app/build-manifest.json'
}
[Error: ENOENT: no such file or directory, open '/mnt/c/find-to-do-management-app/.next/server/pages/_app/build-manifest.json'] {
  errno: -2,
  code: 'ENOENT',
  syscall: 'open',
  path: '/mnt/c/find-to-do-management-app/.next/server/pages/_app/build-manifest.json'
}
 ⨯ [Error: ENOENT: no such file or directory, open '/mnt/c/find-to-do-management-app/.next/server/app/favicon.ico/[__metadata_id__]/route/app-paths-manifest.json'] {
  errno: -2,
  code: 'ENOENT',
  syscall: 'open',
  path: '/mnt/c/find-to-do-management-app/.next/server/app/favicon.ico/[__metadata_id__]/route/app-paths-manifest.json'
}
 ⨯ [Error: ENOENT: no such file or directory, open '/mnt/c/find-to-do-management-app/.next/server/app/appointments/page/app-build-manifest.json'] {
  errno: -2,
  code: 'ENOENT',
  syscall: 'open',
  path: '/mnt/c/find-to-do-management-app/.next/server/app/appointments/page/app-build-manifest.json'
}
 ⨯ [Error: ENOENT: no such file or directory, open '/mnt/c/find-to-do-management-app/.next/server/pages/_app/build-manifest.json'] {
  errno: -2,
  code: 'ENOENT',
  syscall: 'open',
  path: '/mnt/c/find-to-do-management-app/.next/server/pages/_app/build-manifest.json'
}
[Error: ENOENT: no such file or directory, open '/mnt/c/find-to-do-management-app/.next/server/app/appointments/page/app-build-manifest.json'] {
  errno: -2,
  code: 'ENOENT',
  syscall: 'open',
  path: '/mnt/c/find-to-do-management-app/.next/server/app/appointments/page/app-build-manifest.json'
}
 ⨯ [Error: ENOENT: no such file or directory, open '/mnt/c/find-to-do-management-app/.next/server/pages/_app/build-manifest.json'] {
  errno: -2,
  code: 'ENOENT',
  syscall: 'open',
  path: '/mnt/c/find-to-do-management-app/.next/server/pages/_app/build-manifest.json'
}
[Error: ENOENT: no such file or directory, open '/mnt/c/find-to-do-management-app/.next/server/pages/_app/build-manifest.json'] {
  errno: -2,
  code: 'ENOENT',
  syscall: 'open',
  path: '/mnt/c/find-to-do-management-app/.next/server/pages/_app/build-manifest.json'
}
 ⨯ [Error: ENOENT: no such file or directory, open '/mnt/c/find-to-do-management-app/.next/server/app/_not-found/page/app-build-manifest.json'] {
  errno: -2,
  code: 'ENOENT',
  syscall: 'open',
  path: '/mnt/c/find-to-do-management-app/.next/server/app/_not-found/page/app-build-manifest.json'
}
[Error: ENOENT: no such file or directory, open '/mnt/c/find-to-do-management-app/.next/server/pages/_app/build-manifest.json'] {
  errno: -2,
  code: 'ENOENT',
  syscall: 'open',
  path: '/mnt/c/find-to-do-management-app/.next/server/pages/_app/build-manifest.json'
}
 ⨯ [Error: ENOENT: no such file or directory, open '/mnt/c/find-to-do-management-app/.next/server/pages/_app/build-manifest.json'] {
  errno: -2,
  code: 'ENOENT',
  syscall: 'open',
  path: '/mnt/c/find-to-do-management-app/.next/server/pages/_app/build-manifest.json'
}
[Error: ENOENT: no such file or directory, open '/mnt/c/find-to-do-management-app/.next/server/pages/_app/build-manifest.json'] {
  errno: -2,
  code: 'ENOENT',
  syscall: 'open',
  path: '/mnt/c/find-to-do-management-app/.next/server/pages/_app/build-manifest.json'
}
 ⨯ [Error: ENOENT: no such file or directory, open '/mnt/c/find-to-do-management-app/.next/server/app/favicon.ico/[__metadata_id__]/route/app-paths-manifest.json'] {
  errno: -2,
  code: 'ENOENT',
  syscall: 'open',
  path: '/mnt/c/find-to-do-management-app/.next/server/app/favicon.ico/[__metadata_id__]/route/app-paths-manifest.json'
}
[?25h
