🚀 既存データの要約生成スクリプト開始
📊 要約生成対象: 47件

📄 処理中 1/47: cmbyytrqw00klmew4sma6lxwi
   📝 タイトル: タイトル不明
   🔍 ソース: 1jlKCfrxUnOGb9DvhlnVCPyzds-d_DYzEDUBf23jnXOY_tab_66
   ⏭️ コンテンツが空のためスキップ

📄 処理中 2/47: cmbyysxce00k1mew4xp9a82jt
   📝 タイトル: タイトル不明
   🔍 ソース: 1jlKCfrxUnOGb9DvhlnVCPyzds-d_DYzEDUBf23jnXOY_tab_56
   ⏭️ コンテンツが空のためスキップ

📄 処理中 3/47: cmbyyblnx00jxmew4up215xv4
   📝 タイトル: 6/15 　池＆弓
   🔍 ソース: 1jlKCfrxUnOGb9DvhlnVCPyzds-d_DYzEDUBf23jnXOY_recent_2
   ⏭️ コンテンツが空のためスキップ

📄 処理中 4/47: cmbyy5l1j00jcmew46du08khi
   📝 タイトル: タイトル不明
   🔍 ソース: 1jlKCfrxUnOGb9DvhlnVCPyzds-d_DYzEDUBf23jnXOY_tab_64
   ⏭️ コンテンツが空のためスキップ

📄 処理中 5/47: cmbyy4y8d00iomew4tg6ethva
   📝 タイトル: タイトル不明
   🔍 ソース: 1jlKCfrxUnOGb9DvhlnVCPyzds-d_DYzEDUBf23jnXOY_tab_62
   ⏭️ コンテンツが空のためスキップ

📄 処理中 6/47: cmbyy4utw00ikmew44u9jzc6t
   📝 タイトル: タイトル不明
   🔍 ソース: 1jlKCfrxUnOGb9DvhlnVCPyzds-d_DYzEDUBf23jnXOY_tab_61
   ⏭️ コンテンツが空のためスキップ

📄 処理中 7/47: cmbyy4sdu00igmew4agja9mo8
   📝 タイトル: タイトル不明
   🔍 ソース: 1jlKCfrxUnOGb9DvhlnVCPyzds-d_DYzEDUBf23jnXOY_tab_60
   ⏭️ コンテンツが空のためスキップ

📄 処理中 8/47: cmbyxy7cz00dumew4o0gc6236
   📝 タイトル: タイトル不明
   🔍 ソース: 1jlKCfrxUnOGb9DvhlnVCPyzds-d_DYzEDUBf23jnXOY_tab_49
   ⏭️ コンテンツが空のためスキップ

📄 処理中 9/47: cmbyxxd9z00d4mew4b6ds2r20
   📝 タイトル: タイトル不明
   🔍 ソース: 1jlKCfrxUnOGb9DvhlnVCPyzds-d_DYzEDUBf23jnXOY_tab_47
   ⏭️ コンテンツが空のためスキップ

📄 処理中 10/47: cmbyxtdqb00bfmew4h9cpv0a7
   📝 タイトル: タイトル不明
   🔍 ソース: 1jlKCfrxUnOGb9DvhlnVCPyzds-d_DYzEDUBf23jnXOY_tab_41
   ⏭️ コンテンツが空のためスキップ

📄 処理中 11/47: cmbyxst7m00agmew4r2vqbmnj
   📝 タイトル: タイトル不明
   🔍 ソース: 1jlKCfrxUnOGb9DvhlnVCPyzds-d_DYzEDUBf23jnXOY_tab_39
   🧠 要約生成中...
   📋 生成された要約: 議事録から、営業同行というタスクの実行、複数のイベント開催（定例会議、動画作成ワークショップ、夏のインターン、2024年7月12日のイベント名）、および人脈活用プロジェクトの検討が進行していることがわ...
   ✅ 要約生成・保存完了
   ⏳ APIスロットリング: 5秒待機中...

📄 処理中 12/47: cmbyxs6ha00aamew4j32atqxi
   📝 タイトル: タイトル不明
   🔍 ソース: 1jlKCfrxUnOGb9DvhlnVCPyzds-d_DYzEDUBf23jnXOY_tab_38
   🧠 要約生成中...
   📋 生成された要約: ドキュメントは連絡先情報（小川）のみ記載されており、議論内容、決定事項、次のアクションに関する記述はありません。したがって、要約を作成できません。より多くの情報があれば、詳細な要約を作成できます。...
   ✅ 要約生成・保存完了
   ⏳ APIスロットリング: 5秒待機中...

📄 処理中 13/47: cmbyxrzue00a5mew4xcx3kfba
   📝 タイトル: タイトル不明
   🔍 ソース: 1jlKCfrxUnOGb9DvhlnVCPyzds-d_DYzEDUBf23jnXOY_tab_37
   ⏭️ コンテンツが空のためスキップ

📄 処理中 14/47: cmbyxruej00a0mew4lgfj44v6
   📝 タイトル: タイトル不明
   🔍 ソース: 1jlKCfrxUnOGb9DvhlnVCPyzds-d_DYzEDUBf23jnXOY_tab_36
   ⏭️ コンテンツが空のためスキップ

📄 処理中 15/47: cmbyxrho0009omew4uabl0eb8
   📝 タイトル: タイトル不明
   🔍 ソース: 1jlKCfrxUnOGb9DvhlnVCPyzds-d_DYzEDUBf23jnXOY_tab_35
   🧠 要約生成中...
   📋 生成された要約: 議事録より、現在進行中の主要なタスクとして、営業資料作成、WEBアプリ作成、イベント作成のプランスキーム化、計画書へのFIND to DOの情報追記、FIND to DOの名刺作成が挙げられます。イベ...
   ✅ 要約生成・保存完了
   ⏳ APIスロットリング: 5秒待機中...

📄 処理中 16/47: cmbyxqu8t009jmew40eleo48q
   📝 タイトル: タイトル不明
   🔍 ソース: 1jlKCfrxUnOGb9DvhlnVCPyzds-d_DYzEDUBf23jnXOY_tab_34
   ⏭️ コンテンツが空のためスキップ

📄 処理中 17/47: cmbyxqre7009emew4vthaown5
   📝 タイトル: タイトル不明
   🔍 ソース: 1jlKCfrxUnOGb9DvhlnVCPyzds-d_DYzEDUBf23jnXOY_tab_32
   ⏭️ コンテンツが空のためスキップ

📄 処理中 18/47: cmbyxqlzk0094mew4ymhccs2i
   📝 タイトル: タイトル不明
   🔍 ソース: 1jlKCfrxUnOGb9DvhlnVCPyzds-d_DYzEDUBf23jnXOY_tab_31
   🧠 要約生成中...
   📋 生成された要約: 議事録からは、適性検査のアプリケーション化に関する複数のタスクが進行中であることがわかります。具体的には、WEBアプリ化によるSEO対策、外部会社の特定、そしてサーバー移管が計画されています。また、こ...
   ✅ 要約生成・保存完了
   ⏳ APIスロットリング: 5秒待機中...

📄 処理中 19/47: cmbyxq4dr008xmew4xthsp32o
   📝 タイトル: タイトル不明
   🔍 ソース: 1jlKCfrxUnOGb9DvhlnVCPyzds-d_DYzEDUBf23jnXOY_tab_30
   🧠 要約生成中...
   📋 生成された要約: 朝活に関する議事録と考えられる。連絡先として飯田思遠氏の名前が記載されていることから、飯田氏が中心となって企画・運営されている可能性が高い。議事録の全容が不明なため、議論内容や決定事項、次のアクション...
   ✅ 要約生成・保存完了
   ⏳ APIスロットリング: 5秒待機中...

📄 処理中 20/47: cmbyxpnjy008mmew47pah5j4h
   📝 タイトル: タイトル不明
   🔍 ソース: 1jlKCfrxUnOGb9DvhlnVCPyzds-d_DYzEDUBf23jnXOY_tab_29
   🧠 要約生成中...
   📋 生成された要約: 本ドキュメントは、2024年9月から2025年5月にかけて実施されるイベントスケジュールをまとめたものである。具体的には、アイデアブラッシュアッププログラム発表（2024年9月）、Tongaliアイデ...
   ✅ 要約生成・保存完了
   ⏳ APIスロットリング: 5秒待機中...

📄 処理中 21/47: cmbyxp6bz0081mew4h6hta9k5
   📝 タイトル: タイトル不明
   🔍 ソース: 1jlKCfrxUnOGb9DvhlnVCPyzds-d_DYzEDUBf23jnXOY_tab_28
   🧠 要約生成中...
   📋 生成された要約: 本会議の議事録から、主なタスクとして長期インターン制度の構築、採用ページの作成、リクルートに特化したHPの作成と運営が挙げられます。また、長期インターンのスキーム策定や人材ポートフォリオの可視化も重要...
   ✅ 要約生成・保存完了
   ⏳ APIスロットリング: 5秒待機中...

📄 処理中 22/47: cmbyxo829007mmew4r5xei6ld
   📝 タイトル: タイトル不明
   🔍 ソース: 1jlKCfrxUnOGb9DvhlnVCPyzds-d_DYzEDUBf23jnXOY_tab_27
   🧠 要約生成中...
   📋 生成された要約: 薮内氏、あゆと氏、五十嵐氏（いずれも大和グラビヤ所属）、かずま氏（久野商事所属）への連絡が必要である。採用戦略プロジェクトの候補として、資料作成と社内へのアピール、銀星でのPVとインタビュー、ビデオレ...
   ✅ 要約生成・保存完了
   ⏳ APIスロットリング: 5秒待機中...

📄 処理中 23/47: cmbyxnqjo0078mew4qzqdjo8d
   📝 タイトル: タイトル不明
   🔍 ソース: 1jlKCfrxUnOGb9DvhlnVCPyzds-d_DYzEDUBf23jnXOY_tab_26
   🧠 要約生成中...
   📋 生成された要約: 今回の議事録では、今後の活動に関するタスクとイベント、連絡先が記録されています。タスクとしては、コンテンツ作成、アンケート作成、朝活の実施、Discordでできることのパンフレット作成、リスト作成が挙...
   ✅ 要約生成・保存完了
   ⏳ APIスロットリング: 5秒待機中...

📄 処理中 24/47: cmbyxnb8o006rmew4xzjybrqc
   📝 タイトル: タイトル不明
   🔍 ソース: 1jlKCfrxUnOGb9DvhlnVCPyzds-d_DYzEDUBf23jnXOY_tab_25
   🧠 要約生成中...
   📋 生成された要約: 本議事録は、インターン制度のプログラム内容のブラッシュアップ、大和グラビヤへのチーム派遣準備、TEDxNagoyaU 2025 Idea spotへの出展準備に関する内容を記録している。インターン制度...
   ✅ 要約生成・保存完了
   ⏳ APIスロットリング: 5秒待機中...

📄 処理中 25/47: cmbyxlrc4006kmew4vrpnj32t
   📝 タイトル: タイトル不明
   🔍 ソース: 1jlKCfrxUnOGb9DvhlnVCPyzds-d_DYzEDUBf23jnXOY_tab_24
   🧠 要約生成中...
   📋 生成された要約: 申し訳ありません。提供されたドキュメント内容が非常に少ないため、的確な要約を生成することができません。現時点では、「連絡先が小澤 VICUS である」という情報しかありません。

より詳細な情報（会議...
   ✅ 要約生成・保存完了
   ⏳ APIスロットリング: 5秒待機中...

📄 処理中 26/47: cmbyxl9gf006gmew4fac16vqf
   📝 タイトル: タイトル不明
   🔍 ソース: 1jlKCfrxUnOGb9DvhlnVCPyzds-d_DYzEDUBf23jnXOY_tab_23
   ⏭️ コンテンツが空のためスキップ

📄 処理中 27/47: cmbyxl6dv006bmew4p1dh3pwp
   📝 タイトル: タイトル不明
   🔍 ソース: 1jlKCfrxUnOGb9DvhlnVCPyzds-d_DYzEDUBf23jnXOY_tab_22
   ⏭️ コンテンツが空のためスキップ

📄 処理中 28/47: cmbyxk5py005zmew4cc2rbak8
   📝 タイトル: タイトル不明
   🔍 ソース: 1jlKCfrxUnOGb9DvhlnVCPyzds-d_DYzEDUBf23jnXOY_tab_21
   🧠 要約生成中...
   📋 生成された要約: WEBマーケティング、法人向け資料作成（パッケージ）、日報作成がタスクとして挙げられている。プロジェクト候補として大和グラビヤが検討されており、担当者として漆畑氏と弓木野氏が連絡先として記録されている...
   ✅ 要約生成・保存完了
   ⏳ APIスロットリング: 5秒待機中...

📄 処理中 29/47: cmbyxjtgw005vmew4mn8aax08
   📝 タイトル: タイトル不明
   🔍 ソース: 1jlKCfrxUnOGb9DvhlnVCPyzds-d_DYzEDUBf23jnXOY_tab_20
   ⏭️ コンテンツが空のためスキップ

📄 処理中 30/47: cmbyxjnug005dmew4iapm3zsn
   📝 タイトル: タイトル不明
   🔍 ソース: 1jlKCfrxUnOGb9DvhlnVCPyzds-d_DYzEDUBf23jnXOY_tab_19
   🧠 要約生成中...
   📋 生成された要約: 議事録から、グループ作成、弓木野氏への経営会議室ロール付与、営業マン採用、法人化、スタートアップ融資、資本金調達、IT案件獲得といったタスクが確認できる。また、湯浅伸一郎（商工会議所）、久野商事、弓木...
   ✅ 要約生成・保存完了
   ⏳ APIスロットリング: 5秒待機中...

📄 処理中 31/47: cmbyxj1kc0058mew4y30x621k
   📝 タイトル: タイトル不明
   🔍 ソース: 1jlKCfrxUnOGb9DvhlnVCPyzds-d_DYzEDUBf23jnXOY_tab_18
   ⏭️ コンテンツが空のためスキップ

📄 処理中 32/47: cmbyxikrs004mmew44lnd1f5h
   📝 タイトル: タイトル不明
   🔍 ソース: 1jlKCfrxUnOGb9DvhlnVCPyzds-d_DYzEDUBf23jnXOY_tab_17
   🧠 要約生成中...
   📋 生成された要約: 本議事録は、今後の事業展開に向けた複数のタスクとイベント、連絡先リストをまとめたものです。タスクとしては、ビジョンの継続的な共有、新たなサービスプランの作成、シナジーマップの更新などが挙げられています...
   ✅ 要約生成・保存完了
   ⏳ APIスロットリング: 5秒待機中...

📄 処理中 33/47: cmbyxhitn004imew4jkp9i1j7
   📝 タイトル: タイトル不明
   🔍 ソース: 1jlKCfrxUnOGb9DvhlnVCPyzds-d_DYzEDUBf23jnXOY_tab_16
   ⏭️ コンテンツが空のためスキップ

📄 処理中 34/47: cmbyxhg41004emew43ocjeoct
   📝 タイトル: タイトル不明
   🔍 ソース: 1jlKCfrxUnOGb9DvhlnVCPyzds-d_DYzEDUBf23jnXOY_tab_14
   ⏭️ コンテンツが空のためスキップ

📄 処理中 35/47: cmbyxhc3a0040mew49ogc4uk4
   📝 タイトル: タイトル不明
   🔍 ソース: 1jlKCfrxUnOGb9DvhlnVCPyzds-d_DYzEDUBf23jnXOY_tab_13
   🧠 要約生成中...
   📋 生成された要約: Discordに100人を集めることを目標とし、2024年2月10日から16日にかけて複数のイベントが予定されている。これらのイベントは、サウナ―ト、チャレンジ―ズ、業界フェア、INSEADピッチ、自...
   ✅ 要約生成・保存完了
   ⏳ APIスロットリング: 5秒待機中...

📄 処理中 36/47: cmbyxgtrq003kmew4d545wf0j
   📝 タイトル: タイトル不明
   🔍 ソース: 1jlKCfrxUnOGb9DvhlnVCPyzds-d_DYzEDUBf23jnXOY_tab_12
   🧠 要約生成中...
   📋 生成された要約: オフィシャルページ作成、優位性の説明作成、学生広報員の明確化、料金プラン資料の再作成、企業インターン先の確保、学生広報員採用サポートといったタスクが洗い出されました。今後のイベントとしてYouTube...
   ✅ 要約生成・保存完了
   ⏳ APIスロットリング: 5秒待機中...

📄 処理中 37/47: cmbyxgdo2003gmew44vvha2dw
   📝 タイトル: タイトル不明
   🔍 ソース: 1jlKCfrxUnOGb9DvhlnVCPyzds-d_DYzEDUBf23jnXOY_tab_11
   ⏭️ コンテンツが空のためスキップ

📄 処理中 38/47: cmbyxganx003cmew4h9blrka4
   📝 タイトル: タイトル不明
   🔍 ソース: 1jlKCfrxUnOGb9DvhlnVCPyzds-d_DYzEDUBf23jnXOY_tab_10
   ⏭️ コンテンツが空のためスキップ

📄 処理中 39/47: cmbyxg7s50038mew4p5dzz6dt
   📝 タイトル: タイトル不明
   🔍 ソース: 1jlKCfrxUnOGb9DvhlnVCPyzds-d_DYzEDUBf23jnXOY_tab_9
   ⏭️ コンテンツが空のためスキップ

📄 処理中 40/47: cmbyxg3vn002omew4z0c25397
   📝 タイトル: タイトル不明
   🔍 ソース: 1jlKCfrxUnOGb9DvhlnVCPyzds-d_DYzEDUBf23jnXOY_tab_8
   🧠 要約生成中...
   📋 生成された要約: 今回のドキュメントは、具体的なタスクと連絡先に関する情報をまとめたものです。タスクとしては、カスタマージャーニーの作成、Xへの投稿、noteの執筆、インターン先の営業、コミュニティへの集客、大学生向け...
   ✅ 要約生成・保存完了
   ⏳ APIスロットリング: 5秒待機中...

📄 処理中 41/47: cmbyxfia9002kmew4sqwje0pn
   📝 タイトル: タイトル不明
   🔍 ソース: 1jlKCfrxUnOGb9DvhlnVCPyzds-d_DYzEDUBf23jnXOY_tab_7
   ⏭️ コンテンツが空のためスキップ

📄 処理中 42/47: cmbyxff9l002fmew4z091v8g3
   📝 タイトル: タイトル不明
   🔍 ソース: 1jlKCfrxUnOGb9DvhlnVCPyzds-d_DYzEDUBf23jnXOY_tab_6
   ⏭️ コンテンツが空のためスキップ

📄 処理中 43/47: cmbyxf76f002amew4nez96zx1
   📝 タイトル: タイトル不明
   🔍 ソース: 1jlKCfrxUnOGb9DvhlnVCPyzds-d_DYzEDUBf23jnXOY_tab_5
   ⏭️ コンテンツが空のためスキップ

📄 処理中 44/47: cmbyxf2if0025mew4kmfdie4b
   📝 タイトル: タイトル不明
   🔍 ソース: 1jlKCfrxUnOGb9DvhlnVCPyzds-d_DYzEDUBf23jnXOY_tab_4
   ⏭️ コンテンツが空のためスキップ

📄 処理中 45/47: cmbyxeyss001pmew4zuwnm6i7
   📝 タイトル: タイトル不明
   🔍 ソース: 1jlKCfrxUnOGb9DvhlnVCPyzds-d_DYzEDUBf23jnXOY_tab_3
   🧠 要約生成中...
   📋 生成された要約: このドキュメントは、土曜日のスケジュール確認と準備を中心に、複数のタスクを列挙しています。直近の目標としてジョブスの練習、事務局との相談、デモデイでの優勝が挙げられています。中長期的な目標としては、V...
   ✅ 要約生成・保存完了
   ⏳ APIスロットリング: 5秒待機中...

📄 処理中 46/47: cmbyxeax6001lmew4c4omfoxz
   📝 タイトル: タイトル不明
   🔍 ソース: 1jlKCfrxUnOGb9DvhlnVCPyzds-d_DYzEDUBf23jnXOY_tab_2
   ⏭️ コンテンツが空のためスキップ

📄 処理中 47/47: cmbyxe7wc0015mew4xiqwlwv7
   📝 タイトル: タイトル不明
   🔍 ソース: 1jlKCfrxUnOGb9DvhlnVCPyzds-d_DYzEDUBf23jnXOY_tab_1
   🧠 要約生成中...
   📋 生成された要約: 本議事録は、キャリア支援プラットフォームに関する開発・改善策を検討した内容をまとめたものである。主な議題として、ユーザーの自己理解を深め、キャリア選択を支援するための機能拡張が挙げられた。具体的には、...
   ✅ 要約生成・保存完了
   ⏳ APIスロットリング: 5秒待機中...

🎉 要約生成スクリプト完了
📊 処理結果:
   - 対象件数: 47
   - 成功: 19件
   - エラー: 0件
   - スキップ: 28件
