
> find-to-do-management-app@0.1.0 dev
> next dev --turbopack

   ▲ Next.js 15.3.3 (Turbopack)
   - Local:        http://localhost:3000
   - Network:      http://172.23.53.187:3000
   - Environments: .env.development.local, .env.local, .env

 ✓ Starting...
 ✓ Ready in 12.8s
 ⚠ Webpack is configured while Turbopack is not, which may cause problems.
 ⚠ See instructions if you need to configure Turbopack:
  https://nextjs.org/docs/app/api-reference/next-config-js/turbo

 ○ Compiling /dashboard/discord-insights ...
 ✓ Compiled /dashboard/discord-insights in 11.8s
 GET /dashboard/discord-insights 200 in 13052ms
 ○ Compiling /_not-found/page ...
 GET /favicon.ico?favicon.45db1c09.ico 200 in 2622ms
 GET /.well-known/appspecific/com.chrome.devtools.json 404 in 3340ms
 ✓ Compiled /_not-found/page in 3.7s
 GET /favicon.ico?favicon.45db1c09.ico 200 in 705ms
 GET /api/discord/metrics?days=30 200 in 3576ms
 ○ Compiling /calendar ...
 ✓ Compiled /calendar in 2.5s
 GET /calendar 200 in 2909ms
 ○ Compiling /api/users ...
 ✓ Compiled /api/users in 1624ms
 GET /api/users 200 in 2496ms
 GET /api/users 200 in 3482ms
 GET /api/calendar/events?startDate=2025-06-01&endDate=2025-06-30&includeRecurring=true 200 in 6302ms
 GET /api/calendar/events?startDate=2025-06-01&endDate=2025-06-30&includeRecurring=true 200 in 8236ms
 GET /api/calendar/events?startDate=2025-06-16&endDate=2025-06-16 200 in 3334ms
 ○ Compiling /api/calendar/events/[id] ...
 ✓ Compiled /api/calendar/events/[id] in 776ms
 PUT /api/calendar/events/personal_ps_1750033274803_5a70etu3r 404 in 9218ms
 PUT /api/calendar/events/personal_ps_1750033274803_5a70etu3r 404 in 3424ms
 GET /api/calendar/events?startDate=2025-06-16&endDate=2025-06-16 200 in 3372ms
 PUT /api/calendar/events/personal_ps_1750033274803_5a70etu3r 404 in 1832ms
[?25h
